Paths that match both --include and --exclude will be skipped by Semgrep.
               
               
┌─────────────┐
│ Scan Status │
└─────────────┘
  Scanning 8 files tracked by git with 7 Code rules:
  Scanning 8 files with 7 dockerfile rules.
                
                
┌──────────────┐
│ Scan Summary │
└──────────────┘
✅ Scan completed successfully.
 • Findings: 8 (8 blocking)
 • Rules run: 7
 • Targets scanned: 8
 • Parsed lines: ~100.0%
 • Scan skipped: 
   ◦ Not matching --include patterns: 246
 • Scan was limited to files tracked by git
 • For a detailed list of skipped files and lines, run semgrep with the --verbose flag
Ran 7 rules on 8 files: 8 findings.

A new version of Semgrep is available. See https://semgrep.dev/docs/upgrading
