Paths that match both --include and --exclude will be skipped by Semgrep.
               
               
┌─────────────┐
│ Scan Status │
└─────────────┘
  Scanning 123 files tracked by git with 225 Code rules:
                                                                                                                        
  Language      Rules   Files          Origin      Rules                                                                
 ─────────────────────────────        ───────────────────                                                               
  <multilang>       2     123          Community     225                                                                
  ts               20     102                                                                                           
  js               20      21                                                                                           
                                                                                                                        
                
                
┌──────────────┐
│ Scan Summary │
└──────────────┘
✅ Scan completed successfully.
 • Findings: 0 (0 blocking)
 • Rules run: 22
 • Targets scanned: 123
 • Parsed lines: ~100.0%
 • Scan skipped: 
   ◦ Not matching --include patterns: 131
 • Scan was limited to files tracked by git
 • For a detailed list of skipped files and lines, run semgrep with the --verbose flag
Ran 22 rules on 123 files: 0 findings.
(need more rules? `semgrep login` for additional free Semgrep Registry rules)


A new version of Semgrep is available. See https://semgrep.dev/docs/upgrading
If Semgrep missed a finding, please send us feedback to let us know!
See https://semgrep.dev/docs/reporting-false-negatives/
